<?xml version="1.0" encoding="UTF-8"?>
<testsuite name="CarrinhodeComprasTeste" tests="3" skipped="0" failures="0" errors="0" timestamp="2022-04-24T15:10:28" hostname="DESKTOP-1DE6J7G" time="0.029">
  <properties/>
  <testcase name="CalcluarComUmitemRemovido()" classname="CarrinhodeComprasTeste" time="0.024"/>
  <testcase name="CalcularTotalcomDoisProdutos()" classname="CarrinhodeComprasTeste" time="0.003"/>
  <testcase name="ValorTotalVazio()" classname="CarrinhodeComprasTeste" time="0.0"/>
  <system-out><![CDATA[]]></system-out>
  <system-err><![CDATA[]]></system-err>
</testsuite>
